{"C:\\Users\\rwpat\\OneDrive\\Desktop\\Team Project\\e-commerce-mavericcks-bn\\src\\server.ts": {"path":"C:\\Users\\rwpat\\OneDrive\\Desktop\\Team Project\\e-commerce-mavericcks-bn\\src\\server.ts","statementMap":{"0":{"start":{"line":2,"column":0},"end":{"line":2,"column":28}},"1":{"start":{"line":3,"column":0},"end":{"line":3,"column":30}},"2":{"start":{"line":5,"column":0},"end":{"line":5,"column":16}},"3":{"start":{"line":6,"column":25},"end":{"line":6,"column":34}},"4":{"start":{"line":7,"column":13},"end":{"line":7,"column":37}},"5":{"start":{"line":9,"column":0},"end":{"line":11,"column":3}},"6":{"start":{"line":9,"column":70},"end":{"line":11,"column":2}},"7":{"start":{"line":10,"column":2},"end":{"line":10,"column":66}},"8":{"start":{"line":13,"column":0},"end":{"line":15,"column":3}},"9":{"start":{"line":14,"column":2},"end":{"line":14,"column":51}},"10":{"start":{"line":16,"column":0},"end":{"line":16,"column":19}}},"fnMap":{"0":{"name":"(anonymous_8)","decl":{"start":{"line":9,"column":13},"end":{"line":9,"column":20}},"loc":{"start":{"line":9,"column":70},"end":{"line":11,"column":2}}},"1":{"name":"(anonymous_9)","decl":{"start":{"line":9,"column":70},"end":{"line":9,"column":null}},"loc":{"start":{"line":9,"column":70},"end":{"line":11,"column":1}}},"2":{"name":"(anonymous_10)","decl":{"start":{"line":13,"column":17},"end":{"line":13,"column":20}},"loc":{"start":{"line":13,"column":22},"end":{"line":15,"column":1}}}},"branchMap":{"0":{"loc":{"start":{"line":7,"column":13},"end":{"line":7,"column":37}},"type":"binary-expr","locations":[{"start":{"line":7,"column":13},"end":{"line":7,"column":29}},{"start":{"line":7,"column":33},"end":{"line":7,"column":37}}]}},"s":{"0":1,"1":1,"2":1,"3":1,"4":1,"5":1,"6":1,"7":1,"8":1,"9":1,"10":1},"f":{"0":1,"1":1,"2":1},"b":{"0":[1,0]}}
}
